Entering 'Public'
Entering 'Public'
On branch main
Your branch is up to date with 'origin/main'.

nothing to commit, working tree clean
fatal: run_command returned non-zero status for Public
.
Entering 'Public'
From github.com:hpdobrica/digital-garden-public
 * branch            main       -> FETCH_HEAD
Already up to date.
Entering 'Public'
Everything up-to-date
On branch main
Your branch is up to date with 'origin/main'.

nothing to commit, working tree clean
From github.com:hpdobrica/digital-garden
 * branch            main       -> FETCH_HEAD
Already up to date.
Everything up-to-date
